<?xml version="1.0" encoding="UTF-8"?>
<!-- Generated by org.testng.reporters.JUnitXMLReporter -->
<testsuite ignored="0" hostname="USMUMDRAWAT23" failures="1" tests="1" name="Test1" time="196.729" errors="0" timestamp="2024-03-20T15:05:51 IST">
  <testcase classname="LPXstoreSeleniumPOC.XstoreCashNCarryTest" name="testXstoreCashNCarryOrder" time="196.696">
    <failure type="java.lang.AssertionError" message="expected [false] but found [true]">
      <![CDATA[java.lang.AssertionError: expected [false] but found [true]
at LPXstoreSeleniumPOC.XstoreCashNCarryTest.testXstoreCashNCarryOrder(XstoreCashNCarryTest.java:78)
at java.base/java.util.ArrayList.forEach(ArrayList.java:1596)
... Removed 34 stack frames]]>
    </failure>
  </testcase> <!-- testXstoreCashNCarryOrder -->
</testsuite> <!-- Test1 -->
