-------------------------------------------------------------------------------
Test set: TestSuite
-------------------------------------------------------------------------------
Tests run: 1, Failures: 1, Errors: 0, Skipped: 0, Time elapsed: 31.419 s <<< FAILURE! - in TestSuite
testXstoreCashNCarryOrder(LPXstoreSeleniumPOC.XstoreCashNCarryTest)  Time elapsed: 30.11 s  <<< FAILURE!
java.lang.AssertionError: expected [false] but found [true]
	at LPXstoreSeleniumPOC.XstoreCashNCarryTest.testXstoreCashNCarryOrder(XstoreCashNCarryTest.java:73)

