<?xml version="1.0" encoding="UTF-8"?>
<testsuite xmlns:xsi="http://www.w3.org/2001/XMLSchema-instance" xsi:noNamespaceSchemaLocation="https://maven.apache.org/surefire/maven-surefire-plugin/xsd/surefire-test-report.xsd" name="TestSuite" time="80.143" tests="1" errors="0" skipped="0" failures="1">
  <properties>
[...]
</properties>
  <testcase name="testXstoreCashNCarryOrder" classname="LPXstoreSeleniumPOC.XstoreCashNCarryTest" time="79.027">
    <failure message="expected [false] but found [true]" type="java.lang.AssertionError">java.lang.AssertionError: expected [false] but found [true]
	at LPXstoreSeleniumPOC.XstoreCashNCarryTest.testXstoreCashNCarryOrder(XstoreCashNCarryTest.java:73)
</failure>
    <system-out><![CDATA[...
... TestNG 7.0.1 by CÃ©dric Beust (cedric@beust.com)
...

org.openqa.selenium.NoSuchElementException: no such element: Unable to locate element: {"method":"xpath","selector":"//div[@title='Skip']"}
  (Session info: chrome=122.0.6261.129)
For documentation on this error, please visit: https://www.selenium.dev/documentation/webdriver/troubleshooting/errors#no-such-element-exception
Build info: version: '4.17.0', revision: 'e52b1be057*'
System info: os.name: 'Windows 10', os.arch: 'amd64', os.version: '10.0', java.version: '21.0.2'
Driver info: org.openqa.selenium.chrome.ChromeDriver
Command: [4b84c0c21f9f76ca08994a3382f12a51, findElement {using=xpath, value=//div[@title='Skip']}]
Capabilities {acceptInsecureCerts: false, browserName: chrome, browserVersion: 122.0.6261.129, chrome: {chromedriverVersion: 121.0.6167.85 (3f98d690ad7e..., userDataDir: C:\Users\DRAWAT\AppData\Loc...}, fedcm:accounts: true, goog:chromeOptions: {debuggerAddress: localhost:51760}, networkConnectionEnabled: false, pageLoadStrategy: normal, platformName: windows, proxy: Proxy(), se:cdp: ws://localhost:51760/devtoo..., se:cdpVersion: 122.0.6261.129, setWindowRect: true, strictFileInteractability: false, timeouts: {implicit: 0, pageLoad: 300000, script: 30000}, unhandledPromptBehavior: dismiss and notify, webauthn:extension:credBlob: true, webauthn:extension:largeBlob: true, webauthn:extension:minPinLength: true, webauthn:extension:prf: true, webauthn:virtualAuthenticators: true}
Session ID: 4b84c0c21f9f76ca08994a3382f12a51
DOT-13741_CNC_OrderCreation_TestResults Failed20240319152316.docx
Word document created successfully.
Url:   https://oxfordinc.atlassian.net/rest/api/2/issue/DOT-13741/attachments
response Stats code  200
Response Body: [{"self":"https://oxfordinc.atlassian.net/rest/api/2/attachment/132662","id":"132662","filename":"DOT-13741_CNC_OrderCreation_TestResults Failed20240319152316.docx","author":{"self":"https://oxfordinc.atlassian.net/rest/api/2/user?accountId=557058%3Abbd6b71d-6b01-4115-94f7-9396edcbc051","accountId":"557058:bbd6b71d-6b01-4115-94f7-9396edcbc051","emailAddress":"drawat@deloitte.com","avatarUrls":{"48x48":"https://secure.gravatar.com/avatar/6c988e065a31ae636f1021bd6d62660e?d=https%3A%2F%2Favatar-management--avatars.us-west-2.prod.public.atl-paas.net%2Finitials%2FDR-6.png","24x24":"https://secure.gravatar.com/avatar/6c988e065a31ae636f1021bd6d62660e?d=https%3A%2F%2Favatar-management--avatars.us-west-2.prod.public.atl-paas.net%2Finitials%2FDR-6.png","16x16":"https://secure.gravatar.com/avatar/6c988e065a31ae636f1021bd6d62660e?d=https%3A%2F%2Favatar-management--avatars.us-west-2.prod.public.atl-paas.net%2Finitials%2FDR-6.png","32x32":"https://secure.gravatar.com/avatar/6c988e065a31ae636f1021bd6d62660e?d=https%3A%2F%2Favatar-management--avatars.us-west-2.prod.public.atl-paas.net%2Finitials%2FDR-6.png"},"displayName":"Deepak Rawat","active":true,"timeZone":"America/Los_Angeles","accountType":"atlassian"},"created":"2024-03-19T02:54:34.511-0700","size":3377781,"mimeType":"application/vnd.openxmlformats-officedocument.wordprocessingml.document","content":"https://oxfordinc.atlassian.net/rest/api/2/attachment/content/132662"}]
]]></system-out>
    <system-err><![CDATA[Mar 19, 2024 3:23:22 PM org.openqa.selenium.devtools.CdpVersionFinder findNearestMatch
WARNING: Unable to find an exact match for CDP version 122, returning the closest version; found: 121; Please update to a Selenium version that supports CDP version 122
ERROR StatusLogger Log4j2 could not find a logging implementation. Please add log4j-core to the classpath. Using SimpleLogger to log to the console...
]]></system-err>
  </testcase>
</testsuite>