<?xml version="1.0" encoding="UTF-8"?>
<testng-results ignored="0" total="1" passed="1" failed="0" skipped="0">
  <reporter-output>
  </reporter-output>
  <suite started-at="2024-02-20T16:44:44 IST" name="Tests" finished-at="2024-02-20T16:49:17 IST" duration-ms="272799">
    <groups>
    </groups>
    <test started-at="2024-02-20T16:44:44 IST" name="Test1" finished-at="2024-02-20T16:49:17 IST" duration-ms="272799">
      <class name="LPMAOSeleniumPOC.TestLoginPage">
        <test-method is-config="true" signature="setupChrome()[pri:0, instance:LPMAOSeleniumPOC.TestLoginPage@6b419da]" started-at="2024-02-20T16:44:44 IST" name="setupChrome" finished-at="2024-02-20T16:44:44 IST" duration-ms="47" status="PASS">
          <reporter-output>
          </reporter-output>
        </test-method> <!-- setupChrome -->
        <test-method is-config="true" signature="openTestDataFile()[pri:0, instance:LPMAOSeleniumPOC.TestLoginPage@6b419da]" started-at="2024-02-20T16:44:44 IST" name="openTestDataFile" finished-at="2024-02-20T16:44:44 IST" duration-ms="0" status="PASS">
          <reporter-output>
          </reporter-output>
        </test-method> <!-- openTestDataFile -->
        <test-method signature="testHomePageHasAHeader()[pri:0, instance:LPMAOSeleniumPOC.TestLoginPage@6b419da]" started-at="2024-02-20T16:44:44 IST" name="testHomePageHasAHeader" finished-at="2024-02-20T16:49:17 IST" duration-ms="272768" status="PASS">
          <reporter-output>
          </reporter-output>
        </test-method> <!-- testHomePageHasAHeader -->
        <test-method is-config="true" signature="closeExcel()[pri:0, instance:LPMAOSeleniumPOC.TestLoginPage@6b419da]" started-at="2024-02-20T16:49:17 IST" name="closeExcel" finished-at="2024-02-20T16:49:17 IST" duration-ms="1" status="PASS">
          <reporter-output>
          </reporter-output>
        </test-method> <!-- closeExcel -->
        <test-method is-config="true" signature="teardown()[pri:0, instance:LPMAOSeleniumPOC.TestLoginPage@6b419da]" started-at="2024-02-20T16:49:17 IST" name="teardown" finished-at="2024-02-20T16:49:18 IST" duration-ms="635" status="PASS">
          <reporter-output>
          </reporter-output>
        </test-method> <!-- teardown -->
      </class> <!-- LPMAOSeleniumPOC.TestLoginPage -->
    </test> <!-- Test1 -->
  </suite> <!-- Tests -->
</testng-results>
